<?xml version="1.0" encoding="UTF-8"?>
<testsuite xmlns:xsi="http://www.w3.org/2001/XMLSchema-instance" xsi:noNamespaceSchemaLocation="https://maven.apache.org/surefire/maven-surefire-plugin/xsd/surefire-test-report.xsd" name="MyProject.AppTest" time="0.036" tests="2" errors="0" skipped="0" failures="0">
  <properties>
    <property name="sun.desktop" value="windows"/>
    <property name="awt.toolkit" value="sun.awt.windows.WToolkit"/>
    <property name="file.encoding.pkg" value="sun.io"/>
    <property name="java.specification.version" value="1.8"/>
    <property name="sun.cpu.isalist" value="amd64"/>
    <property name="sun.jnu.encoding" value="GBK"/>
    <property name="java.class.path" value="D:\project\MyProject\target\test-classes;D:\project\MyProject\target\classes;D:\repository\junit\junit\4.11\junit-4.11.jar;D:\repository\org\hamcrest\hamcrest-core\2.2\hamcrest-core-2.2.jar;D:\repository\org\hamcrest\hamcrest\2.2\hamcrest-2.2.jar;D:\repository\org\springframework\spring-core\5.2.8.RELEASE\spring-core-5.2.8.RELEASE.jar;D:\repository\org\springframework\spring-jcl\5.2.8.RELEASE\spring-jcl-5.2.8.RELEASE.jar;D:\repository\org\springframework\spring-beans\5.2.8.RELEASE\spring-beans-5.2.8.RELEASE.jar;D:\repository\org\springframework\spring-context\5.2.8.RELEASE\spring-context-5.2.8.RELEASE.jar;D:\repository\org\springframework\spring-expression\5.2.8.RELEASE\spring-expression-5.2.8.RELEASE.jar;D:\repository\org\springframework\spring-aop\5.2.8.RELEASE\spring-aop-5.2.8.RELEASE.jar;D:\repository\org\springframework\boot\spring-boot-starter-web\2.3.2.RELEASE\spring-boot-starter-web-2.3.2.RELEASE.jar;D:\repository\org\springframework\boot\spring-boot-starter\2.3.2.RELEASE\spring-boot-starter-2.3.2.RELEASE.jar;D:\repository\org\springframework\boot\spring-boot\2.3.2.RELEASE\spring-boot-2.3.2.RELEASE.jar;D:\repository\org\springframework\boot\spring-boot-autoconfigure\2.3.2.RELEASE\spring-boot-autoconfigure-2.3.2.RELEASE.jar;D:\repository\org\springframework\boot\spring-boot-starter-logging\2.3.2.RELEASE\spring-boot-starter-logging-2.3.2.RELEASE.jar;D:\repository\ch\qos\logback\logback-classic\1.2.3\logback-classic-1.2.3.jar;D:\repository\ch\qos\logback\logback-core\1.2.3\logback-core-1.2.3.jar;D:\repository\org\apache\logging\log4j\log4j-to-slf4j\2.13.3\log4j-to-slf4j-2.13.3.jar;D:\repository\org\apache\logging\log4j\log4j-api\2.13.3\log4j-api-2.13.3.jar;D:\repository\org\slf4j\jul-to-slf4j\1.7.30\jul-to-slf4j-1.7.30.jar;D:\repository\jakarta\annotation\jakarta.annotation-api\1.3.5\jakarta.annotation-api-1.3.5.jar;D:\repository\org\yaml\snakeyaml\1.26\snakeyaml-1.26.jar;D:\repository\org\springframework\boot\spring-boot-starter-json\2.3.2.RELEASE\spring-boot-starter-json-2.3.2.RELEASE.jar;D:\repository\com\fasterxml\jackson\core\jackson-databind\2.11.1\jackson-databind-2.11.1.jar;D:\repository\com\fasterxml\jackson\core\jackson-core\2.11.1\jackson-core-2.11.1.jar;D:\repository\com\fasterxml\jackson\datatype\jackson-datatype-jdk8\2.11.1\jackson-datatype-jdk8-2.11.1.jar;D:\repository\com\fasterxml\jackson\datatype\jackson-datatype-jsr310\2.11.1\jackson-datatype-jsr310-2.11.1.jar;D:\repository\com\fasterxml\jackson\module\jackson-module-parameter-names\2.11.1\jackson-module-parameter-names-2.11.1.jar;D:\repository\org\springframework\boot\spring-boot-starter-tomcat\2.3.2.RELEASE\spring-boot-starter-tomcat-2.3.2.RELEASE.jar;D:\repository\org\apache\tomcat\embed\tomcat-embed-core\9.0.37\tomcat-embed-core-9.0.37.jar;D:\repository\org\glassfish\jakarta.el\3.0.3\jakarta.el-3.0.3.jar;D:\repository\org\apache\tomcat\embed\tomcat-embed-websocket\9.0.37\tomcat-embed-websocket-9.0.37.jar;D:\repository\org\springframework\spring-web\5.2.8.RELEASE\spring-web-5.2.8.RELEASE.jar;D:\repository\org\springframework\spring-webmvc\5.2.8.RELEASE\spring-webmvc-5.2.8.RELEASE.jar;D:\repository\org\springframework\boot\spring-boot-starter-data-jpa\2.3.2.RELEASE\spring-boot-starter-data-jpa-2.3.2.RELEASE.jar;D:\repository\org\springframework\boot\spring-boot-starter-aop\2.3.2.RELEASE\spring-boot-starter-aop-2.3.2.RELEASE.jar;D:\repository\org\springframework\boot\spring-boot-starter-jdbc\2.3.2.RELEASE\spring-boot-starter-jdbc-2.3.2.RELEASE.jar;D:\repository\com\zaxxer\HikariCP\3.4.5\HikariCP-3.4.5.jar;D:\repository\org\springframework\spring-jdbc\5.2.8.RELEASE\spring-jdbc-5.2.8.RELEASE.jar;D:\repository\jakarta\transaction\jakarta.transaction-api\1.3.3\jakarta.transaction-api-1.3.3.jar;D:\repository\jakarta\persistence\jakarta.persistence-api\2.2.3\jakarta.persistence-api-2.2.3.jar;D:\repository\org\hibernate\hibernate-core\5.4.18.Final\hibernate-core-5.4.18.Final.jar;D:\repository\org\jboss\logging\jboss-logging\3.4.1.Final\jboss-logging-3.4.1.Final.jar;D:\repository\org\javassist\javassist\3.24.0-GA\javassist-3.24.0-GA.jar;D:\repository\net\bytebuddy\byte-buddy\1.10.13\byte-buddy-1.10.13.jar;D:\repository\antlr\antlr\2.7.7\antlr-2.7.7.jar;D:\repository\org\jboss\jandex\2.1.3.Final\jandex-2.1.3.Final.jar;D:\repository\org\dom4j\dom4j\2.1.3\dom4j-2.1.3.jar;D:\repository\org\hibernate\common\hibernate-commons-annotations\5.1.0.Final\hibernate-commons-annotations-5.1.0.Final.jar;D:\repository\org\glassfish\jaxb\jaxb-runtime\2.3.3\jaxb-runtime-2.3.3.jar;D:\repository\jakarta\xml\bind\jakarta.xml.bind-api\2.3.3\jakarta.xml.bind-api-2.3.3.jar;D:\repository\org\glassfish\jaxb\txw2\2.3.3\txw2-2.3.3.jar;D:\repository\com\sun\istack\istack-commons-runtime\3.0.11\istack-commons-runtime-3.0.11.jar;D:\repository\com\sun\activation\jakarta.activation\1.2.2\jakarta.activation-1.2.2.jar;D:\repository\org\springframework\data\spring-data-jpa\2.3.2.RELEASE\spring-data-jpa-2.3.2.RELEASE.jar;D:\repository\org\springframework\data\spring-data-commons\2.3.2.RELEASE\spring-data-commons-2.3.2.RELEASE.jar;D:\repository\org\springframework\spring-orm\5.2.8.RELEASE\spring-orm-5.2.8.RELEASE.jar;D:\repository\org\springframework\spring-tx\5.2.8.RELEASE\spring-tx-5.2.8.RELEASE.jar;D:\repository\org\springframework\spring-aspects\5.2.8.RELEASE\spring-aspects-5.2.8.RELEASE.jar;D:\repository\org\aspectj\aspectjweaver\1.9.6\aspectjweaver-1.9.6.jar;D:\repository\org\projectlombok\lombok\1.18.8\lombok-1.18.8.jar;D:\repository\mysql\mysql-connector-java\5.1.30\mysql-connector-java-5.1.30.jar;D:\repository\io\springfox\springfox-swagger2\2.9.2\springfox-swagger2-2.9.2.jar;D:\repository\io\swagger\swagger-annotations\1.5.20\swagger-annotations-1.5.20.jar;D:\repository\io\swagger\swagger-models\1.5.20\swagger-models-1.5.20.jar;D:\repository\com\fasterxml\jackson\core\jackson-annotations\2.11.1\jackson-annotations-2.11.1.jar;D:\repository\io\springfox\springfox-spi\2.9.2\springfox-spi-2.9.2.jar;D:\repository\io\springfox\springfox-core\2.9.2\springfox-core-2.9.2.jar;D:\repository\io\springfox\springfox-schema\2.9.2\springfox-schema-2.9.2.jar;D:\repository\io\springfox\springfox-swagger-common\2.9.2\springfox-swagger-common-2.9.2.jar;D:\repository\io\springfox\springfox-spring-web\2.9.2\springfox-spring-web-2.9.2.jar;D:\repository\com\google\guava\guava\20.0\guava-20.0.jar;D:\repository\com\fasterxml\classmate\1.5.1\classmate-1.5.1.jar;D:\repository\org\slf4j\slf4j-api\1.7.30\slf4j-api-1.7.30.jar;D:\repository\org\springframework\plugin\spring-plugin-core\1.2.0.RELEASE\spring-plugin-core-1.2.0.RELEASE.jar;D:\repository\org\springframework\plugin\spring-plugin-metadata\1.2.0.RELEASE\spring-plugin-metadata-1.2.0.RELEASE.jar;D:\repository\org\mapstruct\mapstruct\1.2.0.Final\mapstruct-1.2.0.Final.jar;D:\repository\io\springfox\springfox-swagger-ui\2.9.2\springfox-swagger-ui-2.9.2.jar;D:\repository\com\alibaba\fastjson\1.2.74\fastjson-1.2.74.jar;"/>
    <property name="java.vm.vendor" value="Oracle Corporation"/>
    <property name="sun.arch.data.model" value="64"/>
    <property name="user.variant" value=""/>
    <property name="java.vendor.url" value="http://java.oracle.com/"/>
    <property name="user.timezone" value="Asia/Shanghai"/>
    <property name="java.vm.specification.version" value="1.8"/>
    <property name="os.name" value="Windows 10"/>
    <property name="user.country" value="CN"/>
    <property name="sun.java.launcher" value="SUN_STANDARD"/>
    <property name="sun.boot.library.path" value="D:\Java\jdk1.8.0_231\jre\bin"/>
    <property name="sun.java.command" value="C:\Users\ZHENGZ~1\AppData\Local\Temp\surefire7135888184801470897\surefirebooter7977130169881716370.jar C:\Users\zhengzhao\AppData\Local\Temp\surefire7135888184801470897 2020-10-27T08-54-23_153-jvmRun1 surefire3824562497337635458tmp surefire_03174158967756923869tmp"/>
    <property name="surefire.test.class.path" value="D:\project\MyProject\target\test-classes;D:\project\MyProject\target\classes;D:\repository\junit\junit\4.11\junit-4.11.jar;D:\repository\org\hamcrest\hamcrest-core\2.2\hamcrest-core-2.2.jar;D:\repository\org\hamcrest\hamcrest\2.2\hamcrest-2.2.jar;D:\repository\org\springframework\spring-core\5.2.8.RELEASE\spring-core-5.2.8.RELEASE.jar;D:\repository\org\springframework\spring-jcl\5.2.8.RELEASE\spring-jcl-5.2.8.RELEASE.jar;D:\repository\org\springframework\spring-beans\5.2.8.RELEASE\spring-beans-5.2.8.RELEASE.jar;D:\repository\org\springframework\spring-context\5.2.8.RELEASE\spring-context-5.2.8.RELEASE.jar;D:\repository\org\springframework\spring-expression\5.2.8.RELEASE\spring-expression-5.2.8.RELEASE.jar;D:\repository\org\springframework\spring-aop\5.2.8.RELEASE\spring-aop-5.2.8.RELEASE.jar;D:\repository\org\springframework\boot\spring-boot-starter-web\2.3.2.RELEASE\spring-boot-starter-web-2.3.2.RELEASE.jar;D:\repository\org\springframework\boot\spring-boot-starter\2.3.2.RELEASE\spring-boot-starter-2.3.2.RELEASE.jar;D:\repository\org\springframework\boot\spring-boot\2.3.2.RELEASE\spring-boot-2.3.2.RELEASE.jar;D:\repository\org\springframework\boot\spring-boot-autoconfigure\2.3.2.RELEASE\spring-boot-autoconfigure-2.3.2.RELEASE.jar;D:\repository\org\springframework\boot\spring-boot-starter-logging\2.3.2.RELEASE\spring-boot-starter-logging-2.3.2.RELEASE.jar;D:\repository\ch\qos\logback\logback-classic\1.2.3\logback-classic-1.2.3.jar;D:\repository\ch\qos\logback\logback-core\1.2.3\logback-core-1.2.3.jar;D:\repository\org\apache\logging\log4j\log4j-to-slf4j\2.13.3\log4j-to-slf4j-2.13.3.jar;D:\repository\org\apache\logging\log4j\log4j-api\2.13.3\log4j-api-2.13.3.jar;D:\repository\org\slf4j\jul-to-slf4j\1.7.30\jul-to-slf4j-1.7.30.jar;D:\repository\jakarta\annotation\jakarta.annotation-api\1.3.5\jakarta.annotation-api-1.3.5.jar;D:\repository\org\yaml\snakeyaml\1.26\snakeyaml-1.26.jar;D:\repository\org\springframework\boot\spring-boot-starter-json\2.3.2.RELEASE\spring-boot-starter-json-2.3.2.RELEASE.jar;D:\repository\com\fasterxml\jackson\core\jackson-databind\2.11.1\jackson-databind-2.11.1.jar;D:\repository\com\fasterxml\jackson\core\jackson-core\2.11.1\jackson-core-2.11.1.jar;D:\repository\com\fasterxml\jackson\datatype\jackson-datatype-jdk8\2.11.1\jackson-datatype-jdk8-2.11.1.jar;D:\repository\com\fasterxml\jackson\datatype\jackson-datatype-jsr310\2.11.1\jackson-datatype-jsr310-2.11.1.jar;D:\repository\com\fasterxml\jackson\module\jackson-module-parameter-names\2.11.1\jackson-module-parameter-names-2.11.1.jar;D:\repository\org\springframework\boot\spring-boot-starter-tomcat\2.3.2.RELEASE\spring-boot-starter-tomcat-2.3.2.RELEASE.jar;D:\repository\org\apache\tomcat\embed\tomcat-embed-core\9.0.37\tomcat-embed-core-9.0.37.jar;D:\repository\org\glassfish\jakarta.el\3.0.3\jakarta.el-3.0.3.jar;D:\repository\org\apache\tomcat\embed\tomcat-embed-websocket\9.0.37\tomcat-embed-websocket-9.0.37.jar;D:\repository\org\springframework\spring-web\5.2.8.RELEASE\spring-web-5.2.8.RELEASE.jar;D:\repository\org\springframework\spring-webmvc\5.2.8.RELEASE\spring-webmvc-5.2.8.RELEASE.jar;D:\repository\org\springframework\boot\spring-boot-starter-data-jpa\2.3.2.RELEASE\spring-boot-starter-data-jpa-2.3.2.RELEASE.jar;D:\repository\org\springframework\boot\spring-boot-starter-aop\2.3.2.RELEASE\spring-boot-starter-aop-2.3.2.RELEASE.jar;D:\repository\org\springframework\boot\spring-boot-starter-jdbc\2.3.2.RELEASE\spring-boot-starter-jdbc-2.3.2.RELEASE.jar;D:\repository\com\zaxxer\HikariCP\3.4.5\HikariCP-3.4.5.jar;D:\repository\org\springframework\spring-jdbc\5.2.8.RELEASE\spring-jdbc-5.2.8.RELEASE.jar;D:\repository\jakarta\transaction\jakarta.transaction-api\1.3.3\jakarta.transaction-api-1.3.3.jar;D:\repository\jakarta\persistence\jakarta.persistence-api\2.2.3\jakarta.persistence-api-2.2.3.jar;D:\repository\org\hibernate\hibernate-core\5.4.18.Final\hibernate-core-5.4.18.Final.jar;D:\repository\org\jboss\logging\jboss-logging\3.4.1.Final\jboss-logging-3.4.1.Final.jar;D:\repository\org\javassist\javassist\3.24.0-GA\javassist-3.24.0-GA.jar;D:\repository\net\bytebuddy\byte-buddy\1.10.13\byte-buddy-1.10.13.jar;D:\repository\antlr\antlr\2.7.7\antlr-2.7.7.jar;D:\repository\org\jboss\jandex\2.1.3.Final\jandex-2.1.3.Final.jar;D:\repository\org\dom4j\dom4j\2.1.3\dom4j-2.1.3.jar;D:\repository\org\hibernate\common\hibernate-commons-annotations\5.1.0.Final\hibernate-commons-annotations-5.1.0.Final.jar;D:\repository\org\glassfish\jaxb\jaxb-runtime\2.3.3\jaxb-runtime-2.3.3.jar;D:\repository\jakarta\xml\bind\jakarta.xml.bind-api\2.3.3\jakarta.xml.bind-api-2.3.3.jar;D:\repository\org\glassfish\jaxb\txw2\2.3.3\txw2-2.3.3.jar;D:\repository\com\sun\istack\istack-commons-runtime\3.0.11\istack-commons-runtime-3.0.11.jar;D:\repository\com\sun\activation\jakarta.activation\1.2.2\jakarta.activation-1.2.2.jar;D:\repository\org\springframework\data\spring-data-jpa\2.3.2.RELEASE\spring-data-jpa-2.3.2.RELEASE.jar;D:\repository\org\springframework\data\spring-data-commons\2.3.2.RELEASE\spring-data-commons-2.3.2.RELEASE.jar;D:\repository\org\springframework\spring-orm\5.2.8.RELEASE\spring-orm-5.2.8.RELEASE.jar;D:\repository\org\springframework\spring-tx\5.2.8.RELEASE\spring-tx-5.2.8.RELEASE.jar;D:\repository\org\springframework\spring-aspects\5.2.8.RELEASE\spring-aspects-5.2.8.RELEASE.jar;D:\repository\org\aspectj\aspectjweaver\1.9.6\aspectjweaver-1.9.6.jar;D:\repository\org\projectlombok\lombok\1.18.8\lombok-1.18.8.jar;D:\repository\mysql\mysql-connector-java\5.1.30\mysql-connector-java-5.1.30.jar;D:\repository\io\springfox\springfox-swagger2\2.9.2\springfox-swagger2-2.9.2.jar;D:\repository\io\swagger\swagger-annotations\1.5.20\swagger-annotations-1.5.20.jar;D:\repository\io\swagger\swagger-models\1.5.20\swagger-models-1.5.20.jar;D:\repository\com\fasterxml\jackson\core\jackson-annotations\2.11.1\jackson-annotations-2.11.1.jar;D:\repository\io\springfox\springfox-spi\2.9.2\springfox-spi-2.9.2.jar;D:\repository\io\springfox\springfox-core\2.9.2\springfox-core-2.9.2.jar;D:\repository\io\springfox\springfox-schema\2.9.2\springfox-schema-2.9.2.jar;D:\repository\io\springfox\springfox-swagger-common\2.9.2\springfox-swagger-common-2.9.2.jar;D:\repository\io\springfox\springfox-spring-web\2.9.2\springfox-spring-web-2.9.2.jar;D:\repository\com\google\guava\guava\20.0\guava-20.0.jar;D:\repository\com\fasterxml\classmate\1.5.1\classmate-1.5.1.jar;D:\repository\org\slf4j\slf4j-api\1.7.30\slf4j-api-1.7.30.jar;D:\repository\org\springframework\plugin\spring-plugin-core\1.2.0.RELEASE\spring-plugin-core-1.2.0.RELEASE.jar;D:\repository\org\springframework\plugin\spring-plugin-metadata\1.2.0.RELEASE\spring-plugin-metadata-1.2.0.RELEASE.jar;D:\repository\org\mapstruct\mapstruct\1.2.0.Final\mapstruct-1.2.0.Final.jar;D:\repository\io\springfox\springfox-swagger-ui\2.9.2\springfox-swagger-ui-2.9.2.jar;D:\repository\com\alibaba\fastjson\1.2.74\fastjson-1.2.74.jar;"/>
    <property name="sun.cpu.endian" value="little"/>
    <property name="user.home" value="C:\Users\zhengzhao"/>
    <property name="user.language" value="zh"/>
    <property name="java.specification.vendor" value="Oracle Corporation"/>
    <property name="java.home" value="D:\Java\jdk1.8.0_231\jre"/>
    <property name="basedir" value="D:\project\MyProject"/>
    <property name="file.separator" value="\"/>
    <property name="line.separator" value="&#10;"/>
    <property name="java.vm.specification.vendor" value="Oracle Corporation"/>
    <property name="java.specification.name" value="Java Platform API Specification"/>
    <property name="java.awt.graphicsenv" value="sun.awt.Win32GraphicsEnvironment"/>
    <property name="surefire.real.class.path" value="C:\Users\ZHENGZ~1\AppData\Local\Temp\surefire7135888184801470897\surefirebooter7977130169881716370.jar"/>
    <property name="sun.boot.class.path" value="D:\Java\jdk1.8.0_231\jre\lib\resources.jar;D:\Java\jdk1.8.0_231\jre\lib\rt.jar;D:\Java\jdk1.8.0_231\jre\lib\sunrsasign.jar;D:\Java\jdk1.8.0_231\jre\lib\jsse.jar;D:\Java\jdk1.8.0_231\jre\lib\jce.jar;D:\Java\jdk1.8.0_231\jre\lib\charsets.jar;D:\Java\jdk1.8.0_231\jre\lib\jfr.jar;D:\Java\jdk1.8.0_231\jre\classes"/>
    <property name="user.script" value=""/>
    <property name="sun.management.compiler" value="HotSpot 64-Bit Tiered Compilers"/>
    <property name="java.runtime.version" value="1.8.0_231-b11"/>
    <property name="user.name" value="zhengzhao"/>
    <property name="path.separator" value=";"/>
    <property name="os.version" value="10.0"/>
    <property name="java.endorsed.dirs" value="D:\Java\jdk1.8.0_231\jre\lib\endorsed"/>
    <property name="java.runtime.name" value="Java(TM) SE Runtime Environment"/>
    <property name="file.encoding" value="GBK"/>
    <property name="java.vm.name" value="Java HotSpot(TM) 64-Bit Server VM"/>
    <property name="localRepository" value="D:\repository"/>
    <property name="java.vendor.url.bug" value="http://bugreport.sun.com/bugreport/"/>
    <property name="java.io.tmpdir" value="C:\Users\ZHENGZ~1\AppData\Local\Temp\"/>
    <property name="java.version" value="1.8.0_231"/>
    <property name="user.dir" value="D:\project\MyProject"/>
    <property name="os.arch" value="amd64"/>
    <property name="java.vm.specification.name" value="Java Virtual Machine Specification"/>
    <property name="java.awt.printerjob" value="sun.awt.windows.WPrinterJob"/>
    <property name="sun.os.patch.level" value=""/>
    <property name="idea.version2019.2" value="true"/>
    <property name="java.library.path" value="D:\Java\jdk1.8.0_231\jre\bin;C:\Windows\Sun\Java\bin;C:\Windows\system32;C:\Windows;D:\IDEA\jbr\\bin;D:\IDEA\jbr\\bin\server;D:\IDEA\jbr\\bin;D:\IDEA\jbr\\bin\server;C:\Program Files (x86)\Common Files\Oracle\Java\javapath;C:\Windows\system32;C:\Windows;C:\Windows\System32\Wbem;C:\Windows\System32\WindowsPowerShell\v1.0\;C:\Windows\System32\OpenSSH\;D:\Java\jdk1.8.0_231\bin;D:\Java\jre\bin;D:\祥云\Git\cmd;D:\nodejs\;C:\Users\zhengzhao\AppData\Local\Microsoft\WindowsApps;C:\Users\zhengzhao\AppData\Roaming\npm;."/>
    <property name="java.vm.info" value="mixed mode"/>
    <property name="java.vendor" value="Oracle Corporation"/>
    <property name="java.vm.version" value="25.231-b11"/>
    <property name="java.ext.dirs" value="D:\Java\jdk1.8.0_231\jre\lib\ext;C:\Windows\Sun\Java\lib\ext"/>
    <property name="sun.io.unicode.encoding" value="UnicodeLittle"/>
    <property name="maven.repo.local" value="D:\repository"/>
    <property name="java.class.version" value="52.0"/>
  </properties>
  <testcase name="shouldAnswerWithTrue" classname="MyProject.AppTest" time="0.002"/>
  <testcase name="myTest1" classname="MyProject.AppTest" time="0.001"/>
</testsuite>